<?xml version="1.0" encoding="UTF-8"?>
<!-- Generated by org.testng.reporters.JUnitXMLReporter -->
<testsuite ignored="0" hostname="DESKTOP-TKHHJCC" failures="0" tests="4" name="CarLoan" time="0.01" errors="0" timestamp="2020-03-19T20:42:57 EDT">
  <testcase classname="test.P5_ListenersDemo2" name="m0" time="0.002"/>
  <testcase classname="test.P5_ListenersDemo2" name="m1" time="0.001"/>
  <testcase classname="test.P5_ListenersDemo2" name="m2" time="0.001"/>
  <testcase classname="test.P5_ListenersDemo2" name="m3" time="0.001"/>
</testsuite> <!-- CarLoan -->
