<?xml version="1.0" encoding="UTF-8"?>
<!-- Generated by org.testng.reporters.JUnitXMLReporter -->
<testsuite ignored="9" hostname="DESKTOP-TKHHJCC" failures="0" tests="4" name="demoBASuite" time="0.04" errors="0" timestamp="2020-03-20T17:01:45 EDT">
  <testcase classname="testng.naveen.automation.GroupsTestNG" name="test1" time="0.007"/>
  <testcase classname="testng.naveen.automation.GroupsTestNG" name="test2" time="0.001"/>
  <testcase classname="testng.naveen.automation.GroupsTestNG" name="test3" time="0.001"/>
  <testcase classname="testng.naveen.automation.GroupsTestNG" name="test4" time="0.001"/>
  <testcase classname="testng.naveen.automation.GoogleTest" name="getTitle" time="0.0">
    <ignored/>
  </testcase> <!-- getTitle -->
  <testcase classname="testng.naveen.automation.GoogleTest" name="getLogo" time="0.0">
    <ignored/>
  </testcase> <!-- getLogo -->
  <testcase classname="testng.naveen.automation.GoogleTest" name="getGmailLink" time="0.0">
    <ignored/>
  </testcase> <!-- getGmailLink -->
  <testcase classname="testng.naveen.automation.TestNGAnnotations" name="getNavigate" time="0.0">
    <ignored/>
  </testcase> <!-- getNavigate -->
  <testcase classname="testng.naveen.automation.GroupsTestNG" name="test6" time="0.0">
    <ignored/>
  </testcase> <!-- test6 -->
  <testcase classname="testng.naveen.automation.TestNGAnnotations" name="getTitle" time="0.0">
    <ignored/>
  </testcase> <!-- getTitle -->
  <testcase classname="testng.naveen.automation.GroupsTestNG" name="test5" time="0.0">
    <ignored/>
  </testcase> <!-- test5 -->
  <testcase classname="testng.naveen.automation.TestNGAnnotations" name="getCurrentURL" time="0.0">
    <ignored/>
  </testcase> <!-- getCurrentURL -->
  <testcase classname="testng.naveen.automation.GroupsTestNG" name="test7" time="0.0">
    <ignored/>
  </testcase> <!-- test7 -->
</testsuite> <!-- demoBASuite -->
