<?xml version="1.0" encoding="UTF-8"?>
<!-- Generated by org.testng.reporters.JUnitXMLReporter -->
<testsuite ignored="6" hostname="DESKTOP-TKHHJCC" failures="0" tests="3" name="demoBASuite" time="0.042" errors="0" timestamp="2020-03-03T11:18:02 EST">
  <testcase classname="test.G1" name="m2" time="0.008"/>
  <testcase classname="test.G2" name="mb" time="0.001"/>
  <testcase classname="test.G3" name="mY" time="0.001"/>
  <testcase classname="test.G3" name="mZ" time="0.0">
    <ignored/>
  </testcase> <!-- mZ -->
  <testcase classname="test.G2" name="ma" time="0.0">
    <ignored/>
  </testcase> <!-- ma -->
  <testcase classname="test.G3" name="mX" time="0.0">
    <ignored/>
  </testcase> <!-- mX -->
  <testcase classname="test.G2" name="mc" time="0.0">
    <ignored/>
  </testcase> <!-- mc -->
  <testcase classname="test.G1" name="m1" time="0.0">
    <ignored/>
  </testcase> <!-- m1 -->
  <testcase classname="test.G1" name="m3" time="0.0">
    <ignored/>
  </testcase> <!-- m3 -->
</testsuite> <!-- demoBASuite -->
