<?xml version="1.0" encoding="UTF-8"?>
<!-- Generated by org.testng.reporters.JUnitXMLReporter -->
<testsuite ignored="7" hostname="DESKTOP-TKHHJCC" failures="0" tests="0" time="0.008" errors="0" timestamp="2020-03-06T22:19:59 EST">
  <testcase classname="test.A5" name="MobileTest2" time="0.0">
    <ignored/>
  </testcase> <!-- MobileTest2 -->
  <testcase classname="test.A5" name="MobileTest1" time="0.0">
    <ignored/>
  </testcase> <!-- MobileTest1 -->
  <testcase classname="test.A5" name="MobileTest6" time="0.0">
    <ignored/>
  </testcase> <!-- MobileTest6 -->
  <testcase classname="test.A5" name="MobileTest5" time="0.0">
    <ignored/>
  </testcase> <!-- MobileTest5 -->
  <testcase classname="test.A5" name="MobileTest4" time="0.0">
    <ignored/>
  </testcase> <!-- MobileTest4 -->
  <testcase classname="test.A5" name="MobileTest3" time="0.0">
    <ignored/>
  </testcase> <!-- MobileTest3 -->
  <testcase classname="test.A5" name="WebTest1" time="0.0">
    <ignored/>
  </testcase> <!-- WebTest1 -->
</testsuite>
