<?xml version="1.0" encoding="UTF-8"?>
<!-- Generated by org.testng.reporters.JUnitXMLReporter -->
<testsuite ignored="0" hostname="DESKTOP-TKHHJCC" failures="0" tests="4" name="MortgageLoan" time="0.01" errors="0" timestamp="2020-03-02T23:55:39 EST">
  <testcase classname="test.P6_ParallelTestRunning" name="m0" time="0.001"/>
  <testcase classname="test.P6_ParallelTestRunning" name="m1" time="0.001"/>
  <testcase classname="test.P6_ParallelTestRunning" name="m2" time="0.001"/>
  <testcase classname="test.P6_ParallelTestRunning" name="m3" time="0.001"/>
</testsuite> <!-- MortgageLoan -->
