<?xml version="1.0" encoding="UTF-8"?>
<!-- Generated by org.testng.reporters.JUnitXMLReporter -->
<testsuite ignored="0" hostname="DESKTOP-TKHHJCC" failures="1" tests="4" name="PersonalLoan" time="0.053" errors="0" timestamp="2020-03-19T20:42:57 EDT">
  <testcase classname="test.P4_ListenersDemo" name="m0" time="0.009"/>
  <testcase classname="test.P4_ListenersDemo" name="m1" time="0.004">
    <failure type="java.lang.AssertionError" message="did not expect to find [true] but found [false]">
      <![CDATA[java.lang.AssertionError: did not expect to find [true] but found [false]
at test.P4_ListenersDemo.m1(P4_ListenersDemo.java:20)
at java.base/java.util.ArrayList.forEach(ArrayList.java:1507)
... Removed 31 stack frames]]>
    </failure>
  </testcase> <!-- m1 -->
  <testcase classname="test.P4_ListenersDemo" name="m2" time="0.002"/>
  <testcase classname="test.P4_ListenersDemo" name="m3" time="0.001"/>
</testsuite> <!-- PersonalLoan -->
