<?xml version="1.0" encoding="UTF-8"?>
<!-- Generated by org.testng.reporters.JUnitXMLReporter -->
<testsuite ignored="0" hostname="DESKTOP-TKHHJCC" failures="0" tests="12" name="Test" time="0.069" errors="0" timestamp="2020-03-01T19:49:58 EST">
  <testcase classname="test.A1" name="ask" time="0.009"/>
  <testcase classname="test.A1" name="greet" time="0.001"/>
  <testcase classname="test.A2" name="goodBye" time="0.001"/>
  <testcase classname="test.A3" name="informAboutPromotion" time="0.001"/>
  <testcase classname="test.A4" name="informAboutNewArrivals" time="0.001"/>
  <testcase classname="test.A5" name="MobileTest1" time="0.002"/>
  <testcase classname="test.A5" name="MobileTest2" time="0.001"/>
  <testcase classname="test.A5" name="MobileTest3" time="0.001"/>
  <testcase classname="test.A5" name="MobileTest4" time="0.001"/>
  <testcase classname="test.A5" name="MobileTest5" time="0.001"/>
  <testcase classname="test.A5" name="MobileTest6" time="0.002"/>
  <testcase classname="test.A5" name="WebTest1" time="0.001"/>
</testsuite> <!-- Test -->
