<?xml version="1.0" encoding="UTF-8"?>
<!-- Generated by org.testng.reporters.JUnitXMLReporter -->
<testsuite ignored="0" hostname="DESKTOP-TKHHJCC" failures="0" tests="3" name="Test1" time="0.045" errors="0" timestamp="2020-03-20T15:57:00 EDT">
  <testcase classname="testng.naveen.automation.TestNGAnnotations" name="getCurrentURL" time="0.006"/>
  <testcase classname="testng.naveen.automation.TestNGAnnotations" name="getNavigate" time="0.001"/>
  <testcase classname="testng.naveen.automation.TestNGAnnotations" name="getTitle" time="0.001"/>
</testsuite> <!-- Test1 -->
