<?xml version="1.0" encoding="UTF-8"?>
<!-- Generated by org.testng.reporters.JUnitXMLReporter -->
<testsuite hostname="DESKTOP-TKHHJCC" failures="0" tests="3" name="Default test" time="38.626" errors="0" timestamp="23 Mar 2020 19:58:49 GMT">
  <testcase classname="com.orangehrmive.test.DashboardPageTest" name="addUserAsAnAdmin" time="1.314"/>
  <testcase classname="com.orangehrmive.test.DashboardPageTest" name="addUserAsAnAdmin" time="1.38"/>
  <testcase classname="com.orangehrmive.test.DashboardPageTest" name="addUserAsAnAdmin" time="1.2"/>
</testsuite> <!-- Default test -->
