<?xml version="1.0" encoding="UTF-8"?>
<!-- Generated by org.testng.reporters.JUnitXMLReporter -->
<testsuite ignored="0" hostname="DESKTOP-TKHHJCC" failures="0" tests="3" name="Default test" time="51.515" errors="0" timestamp="2020-03-20T18:52:39 EDT">
  <testcase classname="testng.naveen.automation.DataProviderNaveen" name="login" time="18.971"/>
  <testcase classname="testng.naveen.automation.DataProviderNaveen" name="login" time="18.314"/>
  <testcase classname="testng.naveen.automation.DataProviderNaveen" name="login" time="14.193"/>
</testsuite> <!-- Default test -->
