<?xml version="1.0" encoding="UTF-8"?>
<!-- Generated by org.testng.reporters.JUnitXMLReporter -->
<testsuite ignored="0" hostname="DESKTOP-TKHHJCC" failures="0" tests="3" name="Default test" time="0.049" errors="0" timestamp="2020-03-02T14:46:51 EST">
  <testcase classname="test.P3_MethodLevelDifferentTestParameterSets" name="m0" time="0.008"/>
  <testcase classname="test.P3_MethodLevelDifferentTestParameterSets" name="m0" time="0.001"/>
  <testcase classname="test.P3_MethodLevelDifferentTestParameterSets" name="m0" time="0.001"/>
</testsuite> <!-- Default test -->
