<?xml version="1.0" encoding="UTF-8"?>
<testng-results total="1" passed="1" failed="0" skipped="0">
  <reporter-output>
  </reporter-output>
  <suite started-at="2020-03-07T14:55:26Z" name="Default suite" finished-at="2020-03-07T14:55:35Z" duration-ms="9551">
    <groups>
    </groups>
    <test started-at="2020-03-07T14:55:26Z" name="Default test" finished-at="2020-03-07T14:55:35Z" duration-ms="9551">
      <class name="pagefactoryconcept.TestLoginWithPageFactory">
        <test-method signature="Login()[pri:0, instance:pagefactoryconcept.TestLoginWithPageFactory@2b4a2ec7]" started-at="2020-03-07T09:55:26Z" name="Login" finished-at="2020-03-07T09:55:35Z" duration-ms="9538" status="PASS">
          <reporter-output>
          </reporter-output>
        </test-method> <!-- Login -->
      </class> <!-- pagefactoryconcept.TestLoginWithPageFactory -->
    </test> <!-- Default test -->
  </suite> <!-- Default suite -->
</testng-results>
