<?xml version="1.0" encoding="UTF-8"?>
<!-- Generated by org.testng.reporters.JUnitXMLReporter -->
<testsuite hostname="DESKTOP-TKHHJCC" failures="0" tests="3" name="Test1" time="0.021" errors="0" timestamp="20 Mar 2020 18:08:51 GMT">
  <testcase classname="com.test.TestNGAnnotations" name="getCurrentURL" time="0.003"/>
  <testcase classname="com.test.TestNGAnnotations" name="getNavigate" time="0.001"/>
  <testcase classname="com.test.TestNGAnnotations" name="getTitle" time="0.0"/>
</testsuite> <!-- Test1 -->
