<?xml version="1.0" encoding="UTF-8"?>
<!-- Generated by org.testng.reporters.JUnitXMLReporter -->
<testsuite hostname="DESKTOP-TKHHJCC" failures="0" tests="3" name="Test2" time="0.008" errors="0" timestamp="20 Mar 2020 18:03:18 GMT">
  <testcase classname="com.test.TestNGAnnotations" name="getCurrentURL" time="0.001"/>
  <testcase classname="com.test.TestNGAnnotations" name="getNavigate" time="0.001"/>
  <testcase classname="com.test.TestNGAnnotations" name="getTitle" time="0.001"/>
</testsuite> <!-- Test2 -->
