<?xml version="1.0" encoding="UTF-8"?>
<testng-results total="3" passed="3" failed="0" skipped="0">
  <reporter-output>
  </reporter-output>
  <suite started-at="2020-03-20T18:08:51Z" name="Suite" finished-at="2020-03-20T18:08:51Z" duration-ms="21">
    <groups>
    </groups>
    <test started-at="2020-03-20T18:08:51Z" name="Test1" finished-at="2020-03-20T18:08:51Z" duration-ms="21">
      <class name="com.test.TestNGAnnotations">
        <test-method is-config="true" signature="setProperty()[pri:0, instance:com.test.TestNGAnnotations@48f278eb]" started-at="2020-03-20T14:08:51Z" name="setProperty" finished-at="2020-03-20T14:08:51Z" duration-ms="6" status="PASS">
          <reporter-output>
          </reporter-output>
        </test-method> <!-- setProperty -->
        <test-method is-config="true" signature="headlessBrowser()[pri:0, instance:com.test.TestNGAnnotations@48f278eb]" started-at="2020-03-20T14:08:51Z" name="headlessBrowser" finished-at="2020-03-20T14:08:51Z" duration-ms="0" status="PASS">
          <reporter-output>
          </reporter-output>
        </test-method> <!-- headlessBrowser -->
        <test-method is-config="true" signature="launchBrowser()[pri:0, instance:com.test.TestNGAnnotations@48f278eb]" started-at="2020-03-20T14:08:51Z" name="launchBrowser" finished-at="2020-03-20T14:08:51Z" duration-ms="1" status="PASS">
          <reporter-output>
          </reporter-output>
        </test-method> <!-- launchBrowser -->
        <test-method is-config="true" signature="enterURL()[pri:0, instance:com.test.TestNGAnnotations@48f278eb]" started-at="2020-03-20T14:08:51Z" name="enterURL" finished-at="2020-03-20T14:08:51Z" duration-ms="0" status="PASS">
          <reporter-output>
          </reporter-output>
        </test-method> <!-- enterURL -->
        <test-method signature="getCurrentURL()[pri:0, instance:com.test.TestNGAnnotations@48f278eb]" started-at="2020-03-20T14:08:51Z" name="getCurrentURL" finished-at="2020-03-20T14:08:51Z" duration-ms="3" status="PASS">
          <reporter-output>
          </reporter-output>
        </test-method> <!-- getCurrentURL -->
        <test-method is-config="true" signature="logOut()[pri:0, instance:com.test.TestNGAnnotations@48f278eb]" started-at="2020-03-20T14:08:51Z" name="logOut" finished-at="2020-03-20T14:08:51Z" duration-ms="1" status="PASS">
          <reporter-output>
          </reporter-output>
        </test-method> <!-- logOut -->
        <test-method signature="getNavigate()[pri:0, instance:com.test.TestNGAnnotations@48f278eb]" started-at="2020-03-20T14:08:51Z" name="getNavigate" finished-at="2020-03-20T14:08:51Z" duration-ms="1" status="PASS">
          <reporter-output>
          </reporter-output>
        </test-method> <!-- getNavigate -->
        <test-method is-config="true" signature="enterURL()[pri:0, instance:com.test.TestNGAnnotations@48f278eb]" started-at="2020-03-20T14:08:51Z" name="enterURL" finished-at="2020-03-20T14:08:51Z" duration-ms="0" status="PASS">
          <reporter-output>
          </reporter-output>
        </test-method> <!-- enterURL -->
        <test-method is-config="true" signature="enterURL()[pri:0, instance:com.test.TestNGAnnotations@48f278eb]" started-at="2020-03-20T14:08:51Z" name="enterURL" finished-at="2020-03-20T14:08:51Z" duration-ms="1" status="PASS">
          <reporter-output>
          </reporter-output>
        </test-method> <!-- enterURL -->
        <test-method is-config="true" signature="logOut()[pri:0, instance:com.test.TestNGAnnotations@48f278eb]" started-at="2020-03-20T14:08:51Z" name="logOut" finished-at="2020-03-20T14:08:51Z" duration-ms="0" status="PASS">
          <reporter-output>
          </reporter-output>
        </test-method> <!-- logOut -->
        <test-method signature="getTitle()[pri:0, instance:com.test.TestNGAnnotations@48f278eb]" started-at="2020-03-20T14:08:51Z" name="getTitle" finished-at="2020-03-20T14:08:51Z" duration-ms="0" status="PASS">
          <reporter-output>
          </reporter-output>
        </test-method> <!-- getTitle -->
        <test-method is-config="true" signature="logOut()[pri:0, instance:com.test.TestNGAnnotations@48f278eb]" started-at="2020-03-20T14:08:51Z" name="logOut" finished-at="2020-03-20T14:08:51Z" duration-ms="0" status="PASS">
          <reporter-output>
          </reporter-output>
        </test-method> <!-- logOut -->
        <test-method is-config="true" signature="deleteAllCookies()[pri:0, instance:com.test.TestNGAnnotations@48f278eb]" started-at="2020-03-20T14:08:51Z" name="deleteAllCookies" finished-at="2020-03-20T14:08:51Z" duration-ms="0" status="PASS">
          <reporter-output>
          </reporter-output>
        </test-method> <!-- deleteAllCookies -->
        <test-method is-config="true" signature="closeBrowser()[pri:0, instance:com.test.TestNGAnnotations@48f278eb]" started-at="2020-03-20T14:08:51Z" name="closeBrowser" finished-at="2020-03-20T14:08:51Z" duration-ms="0" status="PASS">
          <reporter-output>
          </reporter-output>
        </test-method> <!-- closeBrowser -->
        <test-method is-config="true" signature="generateTests()[pri:0, instance:com.test.TestNGAnnotations@48f278eb]" started-at="2020-03-20T14:08:51Z" name="generateTests" finished-at="2020-03-20T14:08:51Z" duration-ms="0" status="PASS">
          <reporter-output>
          </reporter-output>
        </test-method> <!-- generateTests -->
      </class> <!-- com.test.TestNGAnnotations -->
    </test> <!-- Test1 -->
  </suite> <!-- Suite -->
</testng-results>
