<?xml version="1.0" encoding="UTF-8"?>
<testng-results ignored="7" total="7" passed="0" failed="0" skipped="0">
  <reporter-output>
  </reporter-output>
  <suite started-at="2020-03-06T22:19:59 EST" name="Suite" finished-at="2020-03-06T22:19:59 EST" duration-ms="8">
    <groups>
    </groups>
    <test started-at="2020-03-06T22:19:59 EST" name="InStoreCommunication" finished-at="2020-03-06T22:19:59 EST" duration-ms="8">
    </test> <!-- InStoreCommunication -->
  </suite> <!-- Suite -->
</testng-results>
