<?xml version="1.0" encoding="UTF-8"?>
<testng-results ignored="0" total="2" passed="2" failed="0" skipped="0">
  <reporter-output>
  </reporter-output>
  <suite started-at="2020-03-24T15:49:20 EDT" name="Default suite" finished-at="2020-03-24T15:52:19 EDT" duration-ms="178632">
    <groups>
    </groups>
    <test started-at="2020-03-24T15:49:20 EDT" name="Default test" finished-at="2020-03-24T15:52:19 EDT" duration-ms="178632">
      <class name="test.aaaHashmapTest">
        <test-method is-config="true" signature="initialize()[pri:0, instance:test.aaaHashmapTest@d21a74c]" started-at="2020-03-24T15:49:20 EDT" name="initialize" finished-at="2020-03-24T15:49:31 EDT" duration-ms="11011" status="PASS">
          <reporter-output>
          </reporter-output>
        </test-method> <!-- initialize -->
        <test-method signature="validateSuccessfulLoginWithValidCredentials()[pri:0, instance:test.aaaHashmapTest@d21a74c]" started-at="2020-03-24T15:49:31 EDT" name="validateSuccessfulLoginWithValidCredentials" finished-at="2020-03-24T15:52:07 EDT" duration-ms="155413" status="PASS">
          <reporter-output>
          </reporter-output>
        </test-method> <!-- validateSuccessfulLoginWithValidCredentials -->
        <test-method is-config="true" signature="tearDown()[pri:0, instance:test.aaaHashmapTest@d21a74c]" started-at="2020-03-24T15:52:07 EDT" name="tearDown" finished-at="2020-03-24T15:52:07 EDT" duration-ms="183" status="PASS">
          <reporter-output>
          </reporter-output>
        </test-method> <!-- tearDown -->
        <test-method is-config="true" signature="initialize()[pri:0, instance:test.aaaHashmapTest@d21a74c]" started-at="2020-03-24T15:52:07 EDT" name="initialize" finished-at="2020-03-24T15:52:18 EDT" duration-ms="10522" status="PASS">
          <reporter-output>
          </reporter-output>
        </test-method> <!-- initialize -->
        <test-method signature="validateUnsuccessfulLoginWithInvalidCredentials()[pri:0, instance:test.aaaHashmapTest@d21a74c]" started-at="2020-03-24T15:52:18 EDT" name="validateUnsuccessfulLoginWithInvalidCredentials" finished-at="2020-03-24T15:52:19 EDT" duration-ms="1355" status="PASS">
          <reporter-output>
          </reporter-output>
        </test-method> <!-- validateUnsuccessfulLoginWithInvalidCredentials -->
        <test-method is-config="true" signature="tearDown()[pri:0, instance:test.aaaHashmapTest@d21a74c]" started-at="2020-03-24T15:52:19 EDT" name="tearDown" finished-at="2020-03-24T15:52:19 EDT" duration-ms="93" status="PASS">
          <reporter-output>
          </reporter-output>
        </test-method> <!-- tearDown -->
      </class> <!-- test.aaaHashmapTest -->
    </test> <!-- Default test -->
  </suite> <!-- Default suite -->
</testng-results>
